Drill report for C:/tmp/_NextStepRC/MegaCore 2560 Shield/Mega_2560 core mini_full_2.0_PM/Mega_2560 core mini_full_2.0.kicad_pcb
Created on 30/06/2017 10:47:14

Copper Layer Stackup:
    =============================================================
    L1 :  F.Cu                      front
    L2 :  B.Cu                      back


Drill file 'Mega_2560 core mini_full_2.0.drl' contains
    plated through holes:
    =============================================================
    T1  0,30mm  0,012"  (122 holes)
    T2  0,80mm  0,031"  (17 holes)
    T3  0,81mm  0,032"  (12 holes)
    T4  1,00mm  0,039"  (257 holes)
    T5  1,14mm  0,045"  (3 holes)
    T6  1,20mm  0,047"  (3 holes)

    Total plated holes count 414


Drill file 'Mega_2560 core mini_full_2.0-NPTH.drl' contains
    unplated through holes:
    =============================================================
    T1  3,20mm  0,126"  (1 hole)

    Total unplated holes count 1
