Drill report for C:/tmp/_OpenAVRc/MultiSwitch_MosFet/MultiSwitch_MosFet.kicad_pcb
Created on 09/11/2019 15:08:40

Copper Layer Stackup:
    =============================================================
    L1 :  F.Cu                      front
    L2 :  B.Cu                      back


Drill file 'MultiSwitch_MosFet-PTH.drl' contains
    plated through holes:
    =============================================================
    T1  0,60mm  0,024"  (48 holes)
    T2  0,70mm  0,028"  (48 holes)
    T3  0,80mm  0,031"  (16 holes)
    T4  0,90mm  0,035"  (16 holes)
    T5  1,00mm  0,039"  (32 holes)
    T6  1,52mm  0,060"  (18 holes)

    Total plated holes count 178


Drill file 'MultiSwitch_MosFet-NPTH.drl' contains
    unplated through holes:
    =============================================================
    T1  3,20mm  0,126"  (4 holes)

    Total unplated holes count 4
