Drill report for C:/tmp/_OpenAVRc/MegaCore 2560 Shield/Mega_2560 core mini_full_2.0_PM/Mega_2560 core mini_full_2.0.kicad_pcb
Created on 16/11/2017 10:47:41

Copper Layer Stackup:
    =============================================================
    L1 :  F.Cu                      front
    L2 :  B.Cu                      back


Drill file 'Mega_2560 core mini_full_2.0.drl' contains
    plated through holes:
    =============================================================
    T1  0,30mm  0,012"  (113 holes)
    T2  0,60mm  0,024"  (27 holes)
    T3  0,80mm  0,031"  (27 holes)
    T4  0,81mm  0,032"  (12 holes)
    T5  1,00mm  0,039"  (279 holes)
    T6  1,14mm  0,045"  (5 holes)

    Total plated holes count 463


Drill file 'Mega_2560 core mini_full_2.0-NPTH.drl' contains
    unplated through holes:
    =============================================================
    T1  3,20mm  0,126"  (3 holes)

    Total unplated holes count 3
